<?xml version="1.0" encoding="UTF-8"?>
<!-- Generated by org.testng.reporters.JUnitReportReporter -->
<testsuite skipped="0" hostname="VMVDIA3276" name="testRunner.TestNGTestRunner" tests="2" failures="0" timestamp="2022-05-10T14:48:08 IST" time="82.251" errors="0">
  <testcase name="runScenario" time="43.402" classname="testRunner.TestNGTestRunner"/>
  <system-out/>
  <testcase name="runScenario" time="38.849" classname="testRunner.TestNGTestRunner"/>
  <system-out/>
</testsuite> <!-- testRunner.TestNGTestRunner -->
